c:\users\admin\source\repos\project1\project1\x64\debug\vc143.pdb
c:\users\admin\source\repos\project1\project1\x64\debug\vc143.idb
c:\users\admin\source\repos\project1\project1\x64\debug\source.obj
c:\users\admin\source\repos\project1\project1\x64\debug\student_version2.obj
c:\users\admin\source\repos\project1\project1\x64\debug\chapter3_array2.obj
c:\users\admin\source\repos\project1\project1\x64\debug\testvector.obj
c:\users\admin\source\repos\project1\project1\x64\debug\manage_book.obj
c:\users\admin\source\repos\project1\project1\x64\debug\login.obj
c:\users\admin\source\repos\project1\project1\x64\debug\ticket_vietlot.obj
c:\users\admin\source\repos\project1\project1\x64\debug\learndebugconsole.obj
c:\users\admin\source\repos\project1\x64\debug\project1.exe
c:\users\admin\source\repos\project1\project1\x64\debug\project1.ilk
c:\users\admin\source\repos\project1\x64\debug\project1.pdb
c:\users\admin\source\repos\project1\project1\x64\debug\mid_term_test_k20.obj
c:\users\admin\source\repos\project1\project1\x64\debug\learndebugconsole.obj.enc
c:\users\admin\source\repos\project1\project1\x64\debug\project1.tlog\cl.command.1.tlog
c:\users\admin\source\repos\project1\project1\x64\debug\project1.tlog\cl.read.1.tlog
c:\users\admin\source\repos\project1\project1\x64\debug\project1.tlog\cl.write.1.tlog
c:\users\admin\source\repos\project1\project1\x64\debug\project1.tlog\link.command.1.tlog
c:\users\admin\source\repos\project1\project1\x64\debug\project1.tlog\link.read.1.tlog
c:\users\admin\source\repos\project1\project1\x64\debug\project1.tlog\link.write.1.tlog
